::1 - - [15/Apr/2026 09:34:03] "GET /index.html HTTP/1.1" 200 -
::1 - - [15/Apr/2026 09:34:38] "GET / HTTP/1.1" 200 -
::1 - - [15/Apr/2026 09:34:38] "GET /styles.css HTTP/1.1" 200 -
::1 - - [15/Apr/2026 09:34:38] "GET /config.local.js HTTP/1.1" 200 -
::1 - - [15/Apr/2026 09:34:38] "GET /app.js HTTP/1.1" 200 -
::1 - - [15/Apr/2026 09:34:38] code 404, message File not found
::1 - - [15/Apr/2026 09:34:38] "GET /favicon.ico HTTP/1.1" 404 -
::1 - - [15/Apr/2026 09:43:25] "GET /index.html HTTP/1.1" 200 -
::1 - - [15/Apr/2026 09:47:21] "GET /index.html HTTP/1.1" 200 -
::1 - - [15/Apr/2026 09:58:54] "GET / HTTP/1.1" 200 -
::1 - - [15/Apr/2026 09:58:54] "GET /styles.css HTTP/1.1" 200 -
::1 - - [15/Apr/2026 09:58:54] "GET /config.local.js HTTP/1.1" 200 -
::1 - - [15/Apr/2026 09:58:54] "GET /app.js HTTP/1.1" 200 -
::1 - - [15/Apr/2026 09:58:54] code 404, message File not found
::1 - - [15/Apr/2026 09:58:54] "GET /favicon.ico HTTP/1.1" 404 -
::1 - - [15/Apr/2026 10:07:39] "GET /index.html HTTP/1.1" 200 -
::1 - - [15/Apr/2026 10:07:39] "GET /app.js HTTP/1.1" 200 -
::1 - - [15/Apr/2026 10:09:46] "GET / HTTP/1.1" 200 -
::1 - - [15/Apr/2026 10:09:46] "GET /styles.css HTTP/1.1" 200 -
::1 - - [15/Apr/2026 10:09:46] "GET /config.local.js HTTP/1.1" 304 -
::1 - - [15/Apr/2026 10:09:46] "GET /app.js HTTP/1.1" 200 -
